Install location:
    file:/c:/Programs C/Eclipse/eclipse/
Configuration file:
    file:/c:/Programs C/Eclipse/eclipse/configuration/config.ini loaded
Configuration location:
    file:/c:/Programs C/Eclipse/eclipse/configuration/
Framework located:
    file:/C:/Users/lorin/.p2/pool/plugins/org.eclipse.osgi_3.17.200.v20220215-2237.jar
Loading extension: reference:file:org.eclipse.fx.osgi_3.7.0.202010120826.jar
	eclipse.properties not found
Loading extension: reference:file:org.eclipse.osgi.compatibility.state_1.2.600.v20220207-1403.jar
	eclipse.properties not found
Framework classpath:
    file:/C:/Users/lorin/.p2/pool/plugins/org.eclipse.osgi_3.17.200.v20220215-2237.jar
    file:/C:/Users/lorin/.p2/pool/plugins/
    file:/C:/Users/lorin/.p2/pool/plugins/org.eclipse.fx.osgi_3.7.0.202010120826.jar
    file:/C:/Users/lorin/.p2/pool/plugins/org.eclipse.osgi.compatibility.state_1.2.600.v20220207-1403.jar
Splash location:
    C:\Users\lorin\.p2\pool\plugins\org.eclipse.epp.package.common_4.23.0.20220310-1200\splash.bmp
Debug options:
    file:/C:/Users/lorin/OneDrive/Documents/HoGentJ3/HoGentSem2/Bachelorproef/Onderzoek/Scripts/.options loaded
Time to load bundles: 17
!SESSION 2022-05-09 15:49:31.095 -----------------------------------------------
eclipse.buildId=4.23.0.I20220308-0310
java.version=17.0.1
java.vendor=Eclipse Adoptium
BootLoader constants: OS=win32, ARCH=x86_64, WS=win32, NL=en_GB
Framework arguments:  -product org.eclipse.epp.package.java.product
Command-line arguments:  -os win32 -ws win32 -arch x86_64 -product org.eclipse.epp.package.java.product -data ..\EclipseWorkspaces\Cake -debug -consoleLog

!ENTRY org.eclipse.fx.core.guice 4 0 2022-05-09 15:49:33.978
!MESSAGE FrameworkEvent ERROR
!STACK 0
org.osgi.framework.BundleException: Could not resolve module: org.eclipse.fx.core.guice [1170]
  Unresolved requirement: Import-Package: com.google.inject; version="[1.3.0,2.0.0)"

	at org.eclipse.osgi.container.Module.start(Module.java:463)
	at org.eclipse.osgi.container.ModuleContainer$ContainerStartLevel$2.run(ModuleContainer.java:1847)
	at org.eclipse.osgi.internal.framework.EquinoxContainerAdaptor$1$1.execute(EquinoxContainerAdaptor.java:136)
	at org.eclipse.osgi.container.ModuleContainer$ContainerStartLevel.incStartLevel(ModuleContainer.java:1840)
	at org.eclipse.osgi.container.ModuleContainer$ContainerStartLevel.incStartLevel(ModuleContainer.java:1781)
	at org.eclipse.osgi.container.ModuleContainer$ContainerStartLevel.doContainerStartLevel(ModuleContainer.java:1745)
	at org.eclipse.osgi.container.ModuleContainer$ContainerStartLevel.dispatchEvent(ModuleContainer.java:1667)
	at org.eclipse.osgi.container.ModuleContainer$ContainerStartLevel.dispatchEvent(ModuleContainer.java:1)
	at org.eclipse.osgi.framework.eventmgr.EventManager.dispatchEvent(EventManager.java:234)
	at org.eclipse.osgi.framework.eventmgr.EventManager$EventThread.run(EventManager.java:345)

!ENTRY org.eclipse.fx.ide.css.cssext 4 0 2022-05-09 15:49:33.985
!MESSAGE FrameworkEvent ERROR
!STACK 0
org.osgi.framework.BundleException: Could not resolve module: org.eclipse.fx.ide.css.cssext [1174]
  Unresolved requirement: Require-Bundle: org.objectweb.asm; bundle-version="[5.0.1,8.0.0)"; resolution:="optional"
  Unresolved requirement: Require-Bundle: org.eclipse.fx.core.guice; bundle-version="2.3.0"
    -> Bundle-SymbolicName: org.eclipse.fx.core.guice; bundle-version="3.7.0.202010120750"
       org.eclipse.fx.core.guice [1170]
         Unresolved requirement: Import-Package: com.google.inject; version="[1.3.0,2.0.0)"

	at org.eclipse.osgi.container.Module.start(Module.java:463)
	at org.eclipse.osgi.container.ModuleContainer$ContainerStartLevel$2.run(ModuleContainer.java:1847)
	at org.eclipse.osgi.internal.framework.EquinoxContainerAdaptor$1$1.execute(EquinoxContainerAdaptor.java:136)
	at org.eclipse.osgi.container.ModuleContainer$ContainerStartLevel.incStartLevel(ModuleContainer.java:1840)
	at org.eclipse.osgi.container.ModuleContainer$ContainerStartLevel.incStartLevel(ModuleContainer.java:1781)
	at org.eclipse.osgi.container.ModuleContainer$ContainerStartLevel.doContainerStartLevel(ModuleContainer.java:1745)
	at org.eclipse.osgi.container.ModuleContainer$ContainerStartLevel.dispatchEvent(ModuleContainer.java:1667)
	at org.eclipse.osgi.container.ModuleContainer$ContainerStartLevel.dispatchEvent(ModuleContainer.java:1)
	at org.eclipse.osgi.framework.eventmgr.EventManager.dispatchEvent(EventManager.java:234)
	at org.eclipse.osgi.framework.eventmgr.EventManager$EventThread.run(EventManager.java:345)

!ENTRY org.eclipse.fx.ide.css.cssext.proposals 4 0 2022-05-09 15:49:33.992
!MESSAGE FrameworkEvent ERROR
!STACK 0
org.osgi.framework.BundleException: Could not resolve module: org.eclipse.fx.ide.css.cssext.proposals [1175]
  Unresolved requirement: Import-Package: org.eclipse.fx.ide.css.ui.extapi
    -> Export-Package: org.eclipse.fx.ide.css.ui.extapi; bundle-symbolic-name="org.eclipse.fx.ide.css.ui"; bundle-version="3.7.0.202010120832"; version="0.0.0"; x-internal:="true"
       org.eclipse.fx.ide.css.ui [1179]
         Unresolved requirement: Require-Bundle: org.eclipse.fx.core.guice; bundle-version="2.3.0"
           -> Bundle-SymbolicName: org.eclipse.fx.core.guice; bundle-version="3.7.0.202010120750"
              org.eclipse.fx.core.guice [1170]
                Unresolved requirement: Import-Package: com.google.inject; version="[1.3.0,2.0.0)"
  Unresolved requirement: Require-Bundle: org.eclipse.fx.ide.css.cssext; bundle-version="2.3.0"
    -> Bundle-SymbolicName: org.eclipse.fx.ide.css.cssext; bundle-version="3.7.0.202010120832"; singleton:="true"
       org.eclipse.fx.ide.css.cssext [1174]
         Unresolved requirement: Require-Bundle: org.eclipse.fx.core.guice; bundle-version="2.3.0"
           -> Bundle-SymbolicName: org.eclipse.fx.core.guice; bundle-version="3.7.0.202010120750"

	at org.eclipse.osgi.container.Module.start(Module.java:463)
	at org.eclipse.osgi.container.ModuleContainer$ContainerStartLevel$2.run(ModuleContainer.java:1847)
	at org.eclipse.osgi.internal.framework.EquinoxContainerAdaptor$1$1.execute(EquinoxContainerAdaptor.java:136)
	at org.eclipse.osgi.container.ModuleContainer$ContainerStartLevel.incStartLevel(ModuleContainer.java:1840)
	at org.eclipse.osgi.container.ModuleContainer$ContainerStartLevel.incStartLevel(ModuleContainer.java:1781)
	at org.eclipse.osgi.container.ModuleContainer$ContainerStartLevel.doContainerStartLevel(ModuleContainer.java:1745)
	at org.eclipse.osgi.container.ModuleContainer$ContainerStartLevel.dispatchEvent(ModuleContainer.java:1667)
	at org.eclipse.osgi.container.ModuleContainer$ContainerStartLevel.dispatchEvent(ModuleContainer.java:1)
	at org.eclipse.osgi.framework.eventmgr.EventManager.dispatchEvent(EventManager.java:234)
	at org.eclipse.osgi.framework.eventmgr.EventManager$EventThread.run(EventManager.java:345)

!ENTRY org.eclipse.fx.ide.css.cssext.ui 4 0 2022-05-09 15:49:33.994
!MESSAGE FrameworkEvent ERROR
!STACK 0
org.osgi.framework.BundleException: Could not resolve module: org.eclipse.fx.ide.css.cssext.ui [1176]
  Unresolved requirement: Require-Bundle: org.eclipse.fx.core.guice; bundle-version="2.3.0"
    -> Bundle-SymbolicName: org.eclipse.fx.core.guice; bundle-version="3.7.0.202010120750"
       org.eclipse.fx.core.guice [1170]
         Unresolved requirement: Import-Package: com.google.inject; version="[1.3.0,2.0.0)"
  Unresolved requirement: Require-Bundle: org.eclipse.fx.ide.css.cssext; visibility:="reexport"
    -> Bundle-SymbolicName: org.eclipse.fx.ide.css.cssext; bundle-version="3.7.0.202010120832"; singleton:="true"
       org.eclipse.fx.ide.css.cssext [1174]
         Unresolved requirement: Require-Bundle: org.objectweb.asm; bundle-version="[5.0.1,8.0.0)"; resolution:="optional"
         Unresolved requirement: Require-Bundle: org.eclipse.fx.core.guice; bundle-version="2.3.0"
           -> Bundle-SymbolicName: org.eclipse.fx.core.guice; bundle-version="3.7.0.202010120750"

	at org.eclipse.osgi.container.Module.start(Module.java:463)
	at org.eclipse.osgi.container.ModuleContainer$ContainerStartLevel$2.run(ModuleContainer.java:1847)
	at org.eclipse.osgi.internal.framework.EquinoxContainerAdaptor$1$1.execute(EquinoxContainerAdaptor.java:136)
	at org.eclipse.osgi.container.ModuleContainer$ContainerStartLevel.incStartLevel(ModuleContainer.java:1840)
	at org.eclipse.osgi.container.ModuleContainer$ContainerStartLevel.incStartLevel(ModuleContainer.java:1781)
	at org.eclipse.osgi.container.ModuleContainer$ContainerStartLevel.doContainerStartLevel(ModuleContainer.java:1745)
	at org.eclipse.osgi.container.ModuleContainer$ContainerStartLevel.dispatchEvent(ModuleContainer.java:1667)
	at org.eclipse.osgi.container.ModuleContainer$ContainerStartLevel.dispatchEvent(ModuleContainer.java:1)
	at org.eclipse.osgi.framework.eventmgr.EventManager.dispatchEvent(EventManager.java:234)
	at org.eclipse.osgi.framework.eventmgr.EventManager$EventThread.run(EventManager.java:345)

!ENTRY org.eclipse.fx.ide.css.ui 4 0 2022-05-09 15:49:33.994
!MESSAGE FrameworkEvent ERROR
!STACK 0
org.osgi.framework.BundleException: Could not resolve module: org.eclipse.fx.ide.css.ui [1179]
  Unresolved requirement: Require-Bundle: org.eclipse.fx.core.guice; bundle-version="2.3.0"
    -> Bundle-SymbolicName: org.eclipse.fx.core.guice; bundle-version="3.7.0.202010120750"
       org.eclipse.fx.core.guice [1170]
         Unresolved requirement: Import-Package: com.google.inject; version="[1.3.0,2.0.0)"

	at org.eclipse.osgi.container.Module.start(Module.java:463)
	at org.eclipse.osgi.container.ModuleContainer$ContainerStartLevel$2.run(ModuleContainer.java:1847)
	at org.eclipse.osgi.internal.framework.EquinoxContainerAdaptor$1$1.execute(EquinoxContainerAdaptor.java:136)
	at org.eclipse.osgi.container.ModuleContainer$ContainerStartLevel.incStartLevel(ModuleContainer.java:1840)
	at org.eclipse.osgi.container.ModuleContainer$ContainerStartLevel.incStartLevel(ModuleContainer.java:1781)
	at org.eclipse.osgi.container.ModuleContainer$ContainerStartLevel.doContainerStartLevel(ModuleContainer.java:1745)
	at org.eclipse.osgi.container.ModuleContainer$ContainerStartLevel.dispatchEvent(ModuleContainer.java:1667)
	at org.eclipse.osgi.container.ModuleContainer$ContainerStartLevel.dispatchEvent(ModuleContainer.java:1)
	at org.eclipse.osgi.framework.eventmgr.EventManager.dispatchEvent(EventManager.java:234)
	at org.eclipse.osgi.framework.eventmgr.EventManager$EventThread.run(EventManager.java:345)
org.eclipse.m2e.logback.configuration: Activated before the state location was initialized. Retry after the state location is initialized.
Starting application: 3247
org.eclipse.m2e.logback.configuration: Logback config file: C:\Users\lorin\OneDrive\Documents\HoGentJ3\HoGentSem2\Bachelorproef\Onderzoek\EclipseWorkspaces\Cake\.metadata\.plugins\org.eclipse.m2e.logback.configuration\logback.1.16.3.20211002-1029.xml
org.eclipse.m2e.logback.configuration: Initializing logback

!ENTRY org.eclipse.jface 2 0 2022-05-09 15:49:40.042
!MESSAGE Keybinding conflicts occurred.  They may interfere with normal accelerator operation.
!SUBENTRY 1 org.eclipse.jface 2 0 2022-05-09 15:49:40.045
!MESSAGE A conflict occurred for CTRL+SHIFT+T:
Binding(CTRL+SHIFT+T,
	ParameterizedCommand(Command(org.eclipse.jdt.ui.navigate.open.type,Open Type,
		Open a type in a Java editor,
		Category(org.eclipse.ui.category.navigate,Navigate,null,true),
		org.eclipse.ui.internal.WorkbenchHandlerServiceHandler@98a0842,
		,,true),null),
	org.eclipse.ui.defaultAcceleratorConfiguration,
	org.eclipse.ui.contexts.window,,,system)
Binding(CTRL+SHIFT+T,
	ParameterizedCommand(Command(org.eclipse.lsp4e.symbolinworkspace,Go to Symbol in Workspace,
		,
		Category(org.eclipse.lsp4e.category,Language Servers,null,true),
		org.eclipse.ui.internal.WorkbenchHandlerServiceHandler@56f569e,
		,,true),null),
	org.eclipse.ui.defaultAcceleratorConfiguration,
	org.eclipse.ui.contexts.window,,,system)
!SUBENTRY 1 org.eclipse.jface 2 0 2022-05-09 15:49:40.048
!MESSAGE A conflict occurred for ALT+SHIFT+R:
Binding(ALT+SHIFT+R,
	ParameterizedCommand(Command(org.eclipse.jdt.ui.edit.text.java.rename.element,Rename - Refactoring ,
		Rename the selected element,
		Category(org.eclipse.jdt.ui.category.refactoring,Refactor - Java,Java Refactoring Actions,true),
		org.eclipse.ui.internal.WorkbenchHandlerServiceHandler@525c0f74,
		,,true),null),
	org.eclipse.ui.defaultAcceleratorConfiguration,
	org.eclipse.ui.contexts.window,,,system)
Binding(ALT+SHIFT+R,
	ParameterizedCommand(Command(org.eclipse.ui.edit.rename,Rename,
		Rename the selected item,
		Category(org.eclipse.ui.category.file,File,null,true),
		org.eclipse.ui.internal.WorkbenchHandlerServiceHandler@3da12ba4,
		,,true),null),
	org.eclipse.ui.defaultAcceleratorConfiguration,
	org.eclipse.ui.contexts.window,,,system)
Application started in : 12634ms

!ENTRY org.eclipse.egit.ui 2 0 2022-05-09 15:49:43.797
!MESSAGE Warning: The environment variable HOME is not set. The following directory will be used to store the Git
user global configuration and to define the default location to store repositories: 'C:\Users\lorin'. If this is
not correct please set the HOME environment variable and restart Eclipse. Otherwise Git for Windows and
EGit might behave differently since they see different configuration options.
This warning can be switched off on the Team > Git > Confirmations and Warnings preference page.
